2021-06-09 15:53:39,466 INFO o.a.j.u.JMeterUtils: Setting Locale to en_EN
2021-06-09 15:53:39,501 INFO o.a.j.JMeter: Loading user properties from: /opt/apache-jmeter-5.2/bin/user.properties
2021-06-09 15:53:39,502 INFO o.a.j.JMeter: Loading system properties from: /opt/apache-jmeter-5.2/bin/system.properties
2021-06-09 15:53:39,503 INFO o.a.j.JMeter: Setting JMeter property: csv_staticParams=/mnt/jmeter/static_parameters.txt
2021-06-09 15:53:39,504 INFO o.a.j.JMeter: Setting JMeter property: my_csv=/mnt/jmeter/searchbody_parameters.txt
2021-06-09 15:53:39,505 INFO o.a.j.JMeter: Setting JMeter property: Threads=1
2021-06-09 15:53:39,507 INFO o.a.j.JMeter: Copyright (c) 1998-2019 The Apache Software Foundation
2021-06-09 15:53:39,508 INFO o.a.j.JMeter: Version 5.2
2021-06-09 15:53:39,509 INFO o.a.j.JMeter: java.version=1.8.0_212
2021-06-09 15:53:39,509 INFO o.a.j.JMeter: java.vm.name=OpenJDK 64-Bit Server VM
2021-06-09 15:53:39,510 INFO o.a.j.JMeter: os.name=Linux
2021-06-09 15:53:39,511 INFO o.a.j.JMeter: os.arch=amd64
2021-06-09 15:53:39,512 INFO o.a.j.JMeter: os.version=5.4.72-microsoft-standard-WSL2
2021-06-09 15:53:39,512 INFO o.a.j.JMeter: file.encoding=UTF-8
2021-06-09 15:53:39,513 INFO o.a.j.JMeter: java.awt.headless=true
2021-06-09 15:53:39,513 INFO o.a.j.JMeter: Max memory     =3080716288
2021-06-09 15:53:39,514 INFO o.a.j.JMeter: Available Processors =12
2021-06-09 15:53:39,522 INFO o.a.j.JMeter: Default Locale=English (EN)
2021-06-09 15:53:39,524 INFO o.a.j.JMeter: JMeter  Locale=English (EN)
2021-06-09 15:53:39,524 INFO o.a.j.JMeter: JMeterHome=/opt/apache-jmeter-5.2
2021-06-09 15:53:39,525 INFO o.a.j.JMeter: user.dir  =/opt/apache-jmeter-5.2
2021-06-09 15:53:39,526 INFO o.a.j.JMeter: PWD       =/opt/apache-jmeter-5.2
2021-06-09 15:53:39,527 INFO o.a.j.JMeter: IP: 172.18.0.11 Name: 4102af1219a7 FullName: 4102af1219a7
2021-06-09 15:53:39,546 INFO o.a.j.s.FileServer: Default base='/opt/apache-jmeter-5.2'
2021-06-09 15:53:39,567 INFO o.a.j.s.FileServer: Set new base='/mnt/jmeter'
2021-06-09 15:53:39,905 INFO o.a.j.s.SaveService: Testplan (JMX) version: 2.2. Testlog (JTL) version: 2.2
2021-06-09 15:53:39,932 INFO o.a.j.s.SaveService: Using SaveService properties file encoding UTF-8
2021-06-09 15:53:39,954 INFO o.a.j.s.SaveService: Using SaveService properties version 5.0
2021-06-09 15:53:39,974 INFO o.a.j.s.SaveService: Loading file: /mnt/jmeter/SOLR_SEARCH.jmx
2021-06-09 15:53:40,107 INFO o.a.j.p.h.c.CookieManager: Settings: Delete null: true Check: true Allow variable: true Save: false Prefix: COOKIE_
2021-06-09 15:53:40,117 INFO o.a.j.p.h.c.CacheManager: Will only cache the following methods: [GET]
2021-06-09 15:53:40,187 INFO o.a.j.p.h.s.HTTPSamplerBase: Parser for text/html is org.apache.jmeter.protocol.http.parser.LagartoBasedHtmlParser
2021-06-09 15:53:40,189 INFO o.a.j.p.h.s.HTTPSamplerBase: Parser for application/xhtml+xml is org.apache.jmeter.protocol.http.parser.LagartoBasedHtmlParser
2021-06-09 15:53:40,189 INFO o.a.j.p.h.s.HTTPSamplerBase: Parser for application/xml is org.apache.jmeter.protocol.http.parser.LagartoBasedHtmlParser
2021-06-09 15:53:40,190 INFO o.a.j.p.h.s.HTTPSamplerBase: Parser for text/xml is org.apache.jmeter.protocol.http.parser.LagartoBasedHtmlParser
2021-06-09 15:53:40,191 INFO o.a.j.p.h.s.HTTPSamplerBase: Parser for text/vnd.wap.wml is org.apache.jmeter.protocol.http.parser.RegexpHTMLParser
2021-06-09 15:53:40,192 INFO o.a.j.p.h.s.HTTPSamplerBase: Parser for text/css is org.apache.jmeter.protocol.http.parser.CssParser
2021-06-09 15:53:40,951 INFO o.a.j.s.SampleResult: Note: Sample TimeStamps are START times
2021-06-09 15:53:40,952 INFO o.a.j.s.SampleResult: sampleresult.default.encoding is set to ISO-8859-1
2021-06-09 15:53:40,953 INFO o.a.j.s.SampleResult: sampleresult.useNanoTime=true
2021-06-09 15:53:40,954 INFO o.a.j.s.SampleResult: sampleresult.nanoThreadSleep=5000
2021-06-09 15:53:41,033 INFO o.a.j.JMeter: Creating summariser <summary>
2021-06-09 15:53:41,055 INFO o.a.j.e.StandardJMeterEngine: Running the test!
2021-06-09 15:53:41,060 INFO o.a.j.s.SampleEvent: List of sample_variables: []
2021-06-09 15:53:41,061 INFO o.a.j.s.SampleEvent: List of sample_variables: []
2021-06-09 15:53:41,080 INFO o.a.j.e.u.CompoundVariable: Note: Function class names must contain the string: '.functions.'
2021-06-09 15:53:41,081 INFO o.a.j.e.u.CompoundVariable: Note: Function class names must not contain the string: '.gui.'
2021-06-09 15:53:41,088 WARN o.a.j.r.ClassFinder: Can not open the jar /opt/apache-jmeter-5.2/lib/ext/jmeter-plugins-dummy-0.2.jar, message: error in opening zip file
java.util.zip.ZipException: error in opening zip file
	at java.util.zip.ZipFile.open(Native Method) ~[?:1.8.0_212]
	at java.util.zip.ZipFile.<init>(ZipFile.java:225) ~[?:1.8.0_212]
	at java.util.zip.ZipFile.<init>(ZipFile.java:155) ~[?:1.8.0_212]
	at java.util.zip.ZipFile.<init>(ZipFile.java:169) ~[?:1.8.0_212]
	at org.apache.jorphan.reflect.ClassFinder.findClassesInOnePath(ClassFinder.java:393) [jorphan.jar:5.2]
	at org.apache.jorphan.reflect.ClassFinder.findClasses(ClassFinder.java:329) [jorphan.jar:5.2]
	at org.apache.jorphan.reflect.ClassFinder.findClassesThatExtend(ClassFinder.java:302) [jorphan.jar:5.2]
	at org.apache.jorphan.reflect.ClassFinder.findClassesThatExtend(ClassFinder.java:234) [jorphan.jar:5.2]
	at org.apache.jmeter.engine.util.CompoundVariable.<clinit>(CompoundVariable.java:72) [ApacheJMeter_core.jar:5.2]
	at org.apache.jmeter.engine.util.ValueReplacer.<init>(ValueReplacer.java:44) [ApacheJMeter_core.jar:5.2]
	at org.apache.jmeter.engine.PreCompiler.<init>(PreCompiler.java:55) [ApacheJMeter_core.jar:5.2]
	at org.apache.jmeter.engine.StandardJMeterEngine.run(StandardJMeterEngine.java:361) [ApacheJMeter_core.jar:5.2]
	at java.lang.Thread.run(Thread.java:748) [?:1.8.0_212]
2021-06-09 15:53:41,128 WARN o.a.j.r.ClassFinder: Can not open the jar /opt/apache-jmeter-5.2/lib/ext/jmeter-plugins-cmn-jmeter-0.5.jar, message: error in opening zip file
java.util.zip.ZipException: error in opening zip file
	at java.util.zip.ZipFile.open(Native Method) ~[?:1.8.0_212]
	at java.util.zip.ZipFile.<init>(ZipFile.java:225) ~[?:1.8.0_212]
	at java.util.zip.ZipFile.<init>(ZipFile.java:155) ~[?:1.8.0_212]
	at java.util.zip.ZipFile.<init>(ZipFile.java:169) ~[?:1.8.0_212]
	at org.apache.jorphan.reflect.ClassFinder.findClassesInOnePath(ClassFinder.java:393) [jorphan.jar:5.2]
	at org.apache.jorphan.reflect.ClassFinder.findClasses(ClassFinder.java:329) [jorphan.jar:5.2]
	at org.apache.jorphan.reflect.ClassFinder.findClassesThatExtend(ClassFinder.java:302) [jorphan.jar:5.2]
	at org.apache.jorphan.reflect.ClassFinder.findClassesThatExtend(ClassFinder.java:234) [jorphan.jar:5.2]
	at org.apache.jmeter.engine.util.CompoundVariable.<clinit>(CompoundVariable.java:72) [ApacheJMeter_core.jar:5.2]
	at org.apache.jmeter.engine.util.ValueReplacer.<init>(ValueReplacer.java:44) [ApacheJMeter_core.jar:5.2]
	at org.apache.jmeter.engine.PreCompiler.<init>(PreCompiler.java:55) [ApacheJMeter_core.jar:5.2]
	at org.apache.jmeter.engine.StandardJMeterEngine.run(StandardJMeterEngine.java:361) [ApacheJMeter_core.jar:5.2]
	at java.lang.Thread.run(Thread.java:748) [?:1.8.0_212]
2021-06-09 15:53:41,938 INFO o.a.j.JMeter: Running test (1623246821938)
2021-06-09 15:53:41,941 INFO o.a.j.e.StandardJMeterEngine: Starting setUp thread groups
2021-06-09 15:53:41,942 INFO o.a.j.e.StandardJMeterEngine: Starting setUp ThreadGroup: 1 : INITILIZATION  - Login_Plus_GetTOPfilters (setUp Thread Group) 
2021-06-09 15:53:41,943 INFO o.a.j.e.StandardJMeterEngine: Starting 1 threads for group INITILIZATION  - Login_Plus_GetTOPfilters (setUp Thread Group).
2021-06-09 15:53:41,944 INFO o.a.j.e.StandardJMeterEngine: Thread will continue on error
2021-06-09 15:53:41,944 INFO o.a.j.t.ThreadGroup: Starting thread group... number=1 threads=1 ramp-up=10 delayedStart=false
2021-06-09 15:53:41,959 INFO o.a.j.t.ThreadGroup: Started thread group number 1
2021-06-09 15:53:41,960 INFO o.a.j.e.StandardJMeterEngine: Waiting for all setup thread groups to exit
2021-06-09 15:53:41,975 INFO o.a.j.t.JMeterThread: Thread started: INITILIZATION  - Login_Plus_GetTOPfilters (setUp Thread Group) 1-1
2021-06-09 15:53:41,978 INFO o.a.j.s.FileServer: Stored: /mnt/jmeter/searchbody_parameters.txt Alias: /mnt/jmeter/searchbody_parameters.txt@984895790
2021-06-09 15:53:42,013 INFO o.a.j.s.FileServer: Stored: /mnt/jmeter/static_parameters.txt
2021-06-09 15:53:42,695 INFO o.a.j.m.J.setTotalIDUs (JSR223 Sampler): ================New BASE_URL_1 value is 10.10.193.88
2021-06-09 15:53:42,725 INFO o.a.j.p.j.s.J.SetThreadBaseURL: ================INITILIZATION: Total IDUs=1
2021-06-09 15:53:42,734 INFO o.a.j.p.j.s.J.SetThreadBaseURL: ================INITILIZATION: THREAD_ID=1; BASE_URL_1=10.10.193.88
2021-06-09 15:53:42,751 INFO o.a.j.p.j.s.J.SetFileNotExist (JSR223 Sampler): =========THREAD_ID=1 - isFileExists value is false
2021-06-09 15:53:42,794 INFO o.a.j.p.j.s.J.DateRangeRetentionFiltering (JSR223 Sampler): =========THREAD_ID=1 - minDate param value is "2021-05-09T00:00:00+02:00"
2021-06-09 15:53:42,804 INFO o.a.j.p.j.s.J.DateRangeRetentionFiltering (JSR223 Sampler): =========THREAD_ID=1 - maxDate value is "2021-06-09T15:53:42+02:00"
2021-06-09 15:53:42,846 INFO o.a.j.p.h.s.HTTPHCAbstractImpl: Local host = 4102af1219a7
2021-06-09 15:53:42,857 INFO o.a.j.p.h.s.HTTPHC4Impl: HTTP request retry count = 0
2021-06-09 15:53:43,116 INFO o.a.j.p.h.p.BaseParser: Created org.apache.jmeter.protocol.http.parser.LagartoBasedHtmlParser
2021-06-09 15:53:43,221 INFO o.a.j.p.h.s.ResourcesDownloader: Creating ResourcesDownloader with keepalive_inseconds : 60
2021-06-09 15:53:44,253 INFO o.a.j.p.h.p.BaseParser: Created org.apache.jmeter.protocol.http.parser.CssParser
2021-06-09 15:53:46,085 WARN c.h.c.r.e.LoggingCSSParseErrorHandler: [30091:17] Unexpected rule '@charset': charset rule in the middle of the file is not allowed!
2021-06-09 15:53:47,614 WARN c.h.c.r.e.LoggingCSSParseErrorHandler: [70470:17] Unexpected rule '@charset': charset rule in the middle of the file is not allowed!
2021-06-09 15:53:52,045 WARN o.a.h.i.a.HttpAuthenticator: NEGOTIATE authentication error: Invalid name provided (Mechanism level: KrbException: Cannot locate default realm)
2021-06-09 15:53:52,189 INFO o.a.j.e.J.JSR223 PostProcessor: =========THREAD_ID=1 - setUp Thread Group: OP Authentication was finished successfully
2021-06-09 15:53:52,191 INFO o.a.j.e.J.JSR223 PostProcessor: =========THREAD_ID=1 - setUp Thread Group: requestType value = DatAdvantage
2021-06-09 15:53:52,208 INFO o.a.j.p.j.s.J.SaveTokenAsProp (JSR223 Sampler): ==========setUp Thread Group: THREAD_ID=1 - access_token_1 value = eyJhbGciOiJodHRwOi8vd3d3LnczLm9yZy8yMDAxLzA0L3htbGRzaWctbW9yZSNobWFjLXNoYTI1NiIsInR5cCI6IkpXVCJ9.eyJodHRwOi8vc2NoZW1hcy54bWxzb2FwLm9yZy93cy8yMDA1LzA1L2lkZW50aXR5L2NsYWltcy9uYW1lIjoiTDE2NDhcXEFkbWluaXN0cmF0b3IiLCJodHRwOi8vdmFyb25pcy5jb20vaWRlbnRpdHkvY2xhaW1zL3NpZGlkIjo1MTAsImh0dHA6Ly92YXJvbmlzLmNvbS9pZGVudGl0eS9jbGFpbXMvdGVuYW50aWQiOiIwMDAwMDAwMC0wMDAwLTAwMDAtMDAwMC0wMDAwMDAwMDAwMDAiLCJodHRwOi8vdmFyb25pcy5jb20vaWRlbnRpdHkvY2xhaW1zL3JlcXVlc3RJUCI6IjE3Mi4xNi4yLjY3IiwibmJmIjoxNjIzMjQ2ODMzLCJleHAiOjE2MjMyNDc0MzMsImlzcyI6Imh0dHA6Ly93d3cudmFyb25pcy5jb20iLCJhdWQiOiJkYTR3ZWIifQ.hZoSjwrfbWFdewoR4qIbZjjvYQQ3jqW0RI42jf1eHqQ
2021-06-09 15:53:52,209 INFO o.a.j.p.j.s.J.SaveTokenAsProp (JSR223 Sampler): ==========setUp Thread Group: THREAD_ID=1 - token_type_1 value = bearer
2021-06-09 15:53:53,503 INFO o.a.j.p.j.s.J.SetFiltersQueryParam (JSR223 Sampler): ================INITILIZATION: rollupType=Sum
2021-06-09 15:53:58,697 INFO o.a.j.e.J.GetFacetSearchProgress_init (JSR223 Sampler): ==========Thread ID=1 - progress value = 3
2021-06-09 15:54:03,809 INFO o.a.j.e.J.GetFacetSearchProgress_init (JSR223 Sampler): ==========Thread ID=1 - progress value = 5
2021-06-09 15:54:03,813 INFO o.a.j.r.Summariser: summary +      7 in 00:00:22 =    0.3/s Avg:    42 Min:    14 Max:    62 Err:     0 (0.00%) Active: 1 Started: 1 Finished: 0
2021-06-09 15:54:08,924 INFO o.a.j.e.J.GetFacetSearchProgress_init (JSR223 Sampler): ==========Thread ID=1 - progress value = 5
2021-06-09 15:54:14,045 INFO o.a.j.e.J.GetFacetSearchProgress_init (JSR223 Sampler): ==========Thread ID=1 - progress value = 5
2021-06-09 15:54:19,158 INFO o.a.j.e.J.GetFacetSearchProgress_init (JSR223 Sampler): ==========Thread ID=1 - progress value = 6
2021-06-09 15:54:24,287 INFO o.a.j.e.J.GetFacetSearchProgress_init (JSR223 Sampler): ==========Thread ID=1 - progress value = 6
2021-06-09 15:54:29,414 INFO o.a.j.e.J.GetFacetSearchProgress_init (JSR223 Sampler): ==========Thread ID=1 - progress value = 6
2021-06-09 15:54:34,518 INFO o.a.j.e.J.GetFacetSearchProgress_init (JSR223 Sampler): ==========Thread ID=1 - progress value = 7
2021-06-09 15:54:34,520 INFO o.a.j.r.Summariser: summary +      6 in 00:00:31 =    0.2/s Avg:    65 Min:    58 Max:    83 Err:     0 (0.00%) Active: 1 Started: 1 Finished: 0
2021-06-09 15:54:34,522 INFO o.a.j.r.Summariser: summary =     13 in 00:00:53 =    0.2/s Avg:    53 Min:    14 Max:    83 Err:     0 (0.00%)
2021-06-09 15:54:39,622 INFO o.a.j.e.J.GetFacetSearchProgress_init (JSR223 Sampler): ==========Thread ID=1 - progress value = 7
2021-06-09 15:54:44,738 INFO o.a.j.e.J.GetFacetSearchProgress_init (JSR223 Sampler): ==========Thread ID=1 - progress value = 7
2021-06-09 15:54:49,850 INFO o.a.j.e.J.GetFacetSearchProgress_init (JSR223 Sampler): ==========Thread ID=1 - progress value = 8
2021-06-09 15:54:54,993 INFO o.a.j.e.J.GetFacetSearchProgress_init (JSR223 Sampler): ==========Thread ID=1 - progress value = 8
2021-06-09 15:55:00,084 INFO o.a.j.e.J.GetFacetSearchProgress_init (JSR223 Sampler): ==========Thread ID=1 - progress value = 8
2021-06-09 15:55:00,087 INFO o.a.j.r.Summariser: summary +      5 in 00:00:26 =    0.2/s Avg:    57 Min:    52 Max:    63 Err:     0 (0.00%) Active: 1 Started: 1 Finished: 0
2021-06-09 15:55:00,088 INFO o.a.j.r.Summariser: summary =     18 in 00:01:18 =    0.2/s Avg:    54 Min:    14 Max:    83 Err:     0 (0.00%)
2021-06-09 15:55:05,207 INFO o.a.j.e.J.GetFacetSearchProgress_init (JSR223 Sampler): ==========Thread ID=1 - progress value = 9
2021-06-09 15:55:10,295 INFO o.a.j.e.J.GetFacetSearchProgress_init (JSR223 Sampler): ==========Thread ID=1 - progress value = 9
2021-06-09 15:55:15,393 INFO o.a.j.e.J.GetFacetSearchProgress_init (JSR223 Sampler): ==========Thread ID=1 - progress value = 9
2021-06-09 15:55:20,477 INFO o.a.j.e.J.GetFacetSearchProgress_init (JSR223 Sampler): ==========Thread ID=1 - progress value = 10
2021-06-09 15:55:25,589 INFO o.a.j.e.J.GetFacetSearchProgress_init (JSR223 Sampler): ==========Thread ID=1 - progress value = 10
2021-06-09 15:55:30,699 INFO o.a.j.e.J.GetFacetSearchProgress_init (JSR223 Sampler): ==========Thread ID=1 - progress value = 10
2021-06-09 15:55:30,701 INFO o.a.j.r.Summariser: summary +      6 in 00:00:31 =    0.2/s Avg:    62 Min:    54 Max:    78 Err:     0 (0.00%) Active: 1 Started: 1 Finished: 0
2021-06-09 15:55:30,703 INFO o.a.j.r.Summariser: summary =     24 in 00:01:49 =    0.2/s Avg:    56 Min:    14 Max:    83 Err:     0 (0.00%)
2021-06-09 15:55:35,811 INFO o.a.j.e.J.GetFacetSearchProgress_init (JSR223 Sampler): ==========Thread ID=1 - progress value = 11
2021-06-09 15:55:40,938 INFO o.a.j.e.J.GetFacetSearchProgress_init (JSR223 Sampler): ==========Thread ID=1 - progress value = 11
2021-06-09 15:55:46,047 INFO o.a.j.e.J.GetFacetSearchProgress_init (JSR223 Sampler): ==========Thread ID=1 - progress value = 11
2021-06-09 15:55:51,167 INFO o.a.j.e.J.GetFacetSearchProgress_init (JSR223 Sampler): ==========Thread ID=1 - progress value = 11
2021-06-09 15:55:56,265 INFO o.a.j.e.J.GetFacetSearchProgress_init (JSR223 Sampler): ==========Thread ID=1 - progress value = 12
2021-06-09 15:56:01,355 INFO o.a.j.e.J.GetFacetSearchProgress_init (JSR223 Sampler): ==========Thread ID=1 - progress value = 12
2021-06-09 15:56:01,358 INFO o.a.j.r.Summariser: summary +      6 in 00:00:31 =    0.2/s Avg:    67 Min:    56 Max:    84 Err:     0 (0.00%) Active: 1 Started: 1 Finished: 0
2021-06-09 15:56:01,362 INFO o.a.j.r.Summariser: summary =     30 in 00:02:19 =    0.2/s Avg:    58 Min:    14 Max:    84 Err:     0 (0.00%)
2021-06-09 15:56:06,478 INFO o.a.j.e.J.GetFacetSearchProgress_init (JSR223 Sampler): ==========Thread ID=1 - progress value = 12
2021-06-09 15:56:11,594 INFO o.a.j.e.J.GetFacetSearchProgress_init (JSR223 Sampler): ==========Thread ID=1 - progress value = 13
2021-06-09 15:56:16,694 INFO o.a.j.e.J.GetFacetSearchProgress_init (JSR223 Sampler): ==========Thread ID=1 - progress value = 13
2021-06-09 15:56:21,836 INFO o.a.j.e.J.GetFacetSearchProgress_init (JSR223 Sampler): ==========Thread ID=1 - progress value = 13
